<?xml version="1.0" encoding="UTF-8"?>
<testng-results ignored="0" total="1" passed="1" failed="0" skipped="0">
  <reporter-output>
  </reporter-output>
  <suite started-at="2025-01-16T18:20:02 IST" name="Default suite" finished-at="2025-01-16T18:20:42 IST" duration-ms="39920">
    <groups>
    </groups>
    <test started-at="2025-01-16T18:20:02 IST" name="Default test" finished-at="2025-01-16T18:20:42 IST" duration-ms="39920">
      <class name="test_scripts.TestClass1_test">
        <test-method is-config="true" signature="beforeSuite()[pri:0, instance:test_scripts.TestClass1_test@10683d9d]" started-at="2025-01-16T18:20:02 IST" name="beforeSuite" finished-at="2025-01-16T18:20:02 IST" duration-ms="14" status="PASS">
          <reporter-output>
          </reporter-output>
        </test-method> <!-- beforeSuite -->
        <test-method is-config="true" signature="beforeTest()[pri:0, instance:test_scripts.TestClass1_test@10683d9d]" started-at="2025-01-16T18:20:02 IST" name="beforeTest" finished-at="2025-01-16T18:20:02 IST" duration-ms="0" status="PASS">
          <reporter-output>
          </reporter-output>
        </test-method> <!-- beforeTest -->
        <test-method is-config="true" signature="beforeClass()[pri:0, instance:test_scripts.TestClass1_test@10683d9d]" started-at="2025-01-16T18:20:02 IST" name="beforeClass" finished-at="2025-01-16T18:20:06 IST" duration-ms="3563" status="PASS">
          <reporter-output>
          </reporter-output>
        </test-method> <!-- beforeClass -->
        <test-method is-config="true" signature="beforeMethod()[pri:0, instance:test_scripts.TestClass1_test@10683d9d]" started-at="2025-01-16T18:20:06 IST" name="beforeMethod" finished-at="2025-01-16T18:20:08 IST" duration-ms="2466" status="PASS">
          <reporter-output>
          </reporter-output>
        </test-method> <!-- beforeMethod -->
        <test-method signature="tc_01_test()[pri:0, instance:test_scripts.TestClass1_test@10683d9d]" started-at="2025-01-16T18:20:08 IST" name="tc_01_test" finished-at="2025-01-16T18:20:41 IST" duration-ms="33115" status="PASS">
          <reporter-output>
          </reporter-output>
        </test-method> <!-- tc_01_test -->
        <test-method is-config="true" signature="afterMethod()[pri:0, instance:test_scripts.TestClass1_test@10683d9d]" started-at="2025-01-16T18:20:41 IST" name="afterMethod" finished-at="2025-01-16T18:20:42 IST" duration-ms="254" status="PASS">
          <reporter-output>
          </reporter-output>
        </test-method> <!-- afterMethod -->
        <test-method is-config="true" signature="afterClass()[pri:0, instance:test_scripts.TestClass1_test@10683d9d]" started-at="2025-01-16T18:20:42 IST" name="afterClass" finished-at="2025-01-16T18:20:42 IST" duration-ms="121" status="PASS">
          <reporter-output>
          </reporter-output>
        </test-method> <!-- afterClass -->
        <test-method is-config="true" signature="afterTest()[pri:0, instance:test_scripts.TestClass1_test@10683d9d]" started-at="2025-01-16T18:20:42 IST" name="afterTest" finished-at="2025-01-16T18:20:42 IST" duration-ms="0" status="PASS">
          <reporter-output>
          </reporter-output>
        </test-method> <!-- afterTest -->
        <test-method is-config="true" signature="afterSuite()[pri:0, instance:test_scripts.TestClass1_test@10683d9d]" started-at="2025-01-16T18:20:42 IST" name="afterSuite" finished-at="2025-01-16T18:20:42 IST" duration-ms="1" status="PASS">
          <reporter-output>
          </reporter-output>
        </test-method> <!-- afterSuite -->
      </class> <!-- test_scripts.TestClass1_test -->
    </test> <!-- Default test -->
  </suite> <!-- Default suite -->
</testng-results>
