<?xml version="1.0" encoding="UTF-8"?>
<testng-results ignored="0" total="1" passed="1" failed="0" skipped="0">
  <reporter-output>
  </reporter-output>
  <suite started-at="2025-01-21T19:28:57 IST" name="Default suite" finished-at="2025-01-21T19:29:38 IST" duration-ms="40524">
    <groups>
    </groups>
    <test started-at="2025-01-21T19:28:57 IST" name="Default test" finished-at="2025-01-21T19:29:38 IST" duration-ms="40524">
      <class name="test_scripts.TestClass1_test">
        <test-method is-config="true" signature="beforeSuite()[pri:0, instance:test_scripts.TestClass1_test@6f03482]" started-at="2025-01-21T19:28:57 IST" name="beforeSuite" finished-at="2025-01-21T19:28:57 IST" duration-ms="13" status="PASS">
          <reporter-output>
          </reporter-output>
        </test-method> <!-- beforeSuite -->
        <test-method is-config="true" signature="beforeTest()[pri:0, instance:test_scripts.TestClass1_test@6f03482]" started-at="2025-01-21T19:28:58 IST" name="beforeTest" finished-at="2025-01-21T19:28:58 IST" duration-ms="1" status="PASS">
          <reporter-output>
          </reporter-output>
        </test-method> <!-- beforeTest -->
        <test-method is-config="true" signature="beforeClass()[pri:0, instance:test_scripts.TestClass1_test@6f03482]" started-at="2025-01-21T19:28:58 IST" name="beforeClass" finished-at="2025-01-21T19:29:01 IST" duration-ms="3699" status="PASS">
          <reporter-output>
          </reporter-output>
        </test-method> <!-- beforeClass -->
        <test-method is-config="true" signature="beforeMethod()[pri:0, instance:test_scripts.TestClass1_test@6f03482]" started-at="2025-01-21T19:29:01 IST" name="beforeMethod" finished-at="2025-01-21T19:29:02 IST" duration-ms="595" status="PASS">
          <reporter-output>
          </reporter-output>
        </test-method> <!-- beforeMethod -->
        <test-method signature="tc_01_test()[pri:0, instance:test_scripts.TestClass1_test@6f03482]" started-at="2025-01-21T19:29:02 IST" name="tc_01_test" finished-at="2025-01-21T19:29:37 IST" duration-ms="35362" status="PASS">
          <reporter-output>
          </reporter-output>
        </test-method> <!-- tc_01_test -->
        <test-method is-config="true" signature="afterMethod()[pri:0, instance:test_scripts.TestClass1_test@6f03482]" started-at="2025-01-21T19:29:37 IST" name="afterMethod" finished-at="2025-01-21T19:29:38 IST" duration-ms="310" status="PASS">
          <reporter-output>
          </reporter-output>
        </test-method> <!-- afterMethod -->
        <test-method is-config="true" signature="afterClass()[pri:0, instance:test_scripts.TestClass1_test@6f03482]" started-at="2025-01-21T19:29:38 IST" name="afterClass" finished-at="2025-01-21T19:29:38 IST" duration-ms="138" status="PASS">
          <reporter-output>
          </reporter-output>
        </test-method> <!-- afterClass -->
        <test-method is-config="true" signature="afterTest()[pri:0, instance:test_scripts.TestClass1_test@6f03482]" started-at="2025-01-21T19:29:38 IST" name="afterTest" finished-at="2025-01-21T19:29:38 IST" duration-ms="1" status="PASS">
          <reporter-output>
          </reporter-output>
        </test-method> <!-- afterTest -->
        <test-method is-config="true" signature="afterSuite()[pri:0, instance:test_scripts.TestClass1_test@6f03482]" started-at="2025-01-21T19:29:38 IST" name="afterSuite" finished-at="2025-01-21T19:29:38 IST" duration-ms="1" status="PASS">
          <reporter-output>
          </reporter-output>
        </test-method> <!-- afterSuite -->
      </class> <!-- test_scripts.TestClass1_test -->
    </test> <!-- Default test -->
  </suite> <!-- Default suite -->
</testng-results>
